POST /api/users/register 201 224 - 102.054 ms
GET /api/customers 200 2 - 16.975 ms
GET /api/delivery-vehicles 200 2 - 8.740 ms
POST /api/delivery-vehicles 201 206 - 17.232 ms
GET /api/orders 200 2 - 20.284 ms
GET /api/delivery-vehicles 200 208 - 19.544 ms
GET /api/customers 304  - 18.457 ms
GET /api/customers 304  - 9.919 ms
POST /api/customers 201 149 - 10.417 ms
GET /api/customers 200 151 - 21.872 ms
GET /api/orders 304  - 19.798 ms
GET /api/delivery-vehicles 304  - 12.465 ms
GET /api/items 200 2 - 8.158 ms
POST /api/items 201 146 - 11.243 ms
GET /api/orders 304  - 20.137 ms
GET /api/customers 304  - 16.748 ms
GET /api/delivery-vehicles 304  - 11.539 ms
POST /api/orders 201 295 - 65.124 ms
PATCH /api/orders/67056fdff096e16ed5c45b88/delivered 200 294 - 19.685 ms
GET /api/items 200 148 - 6.318 ms
GET /api/orders 200 296 - 20.916 ms
GET /api/customers 304  - 16.683 ms
GET /api/delivery-vehicles 200 208 - 9.599 ms
GET /api/delivery-vehicles 304  - 6.374 ms
GET /api/items 304  - 5.467 ms
GET /api/orders 304  - 19.778 ms
GET /api/delivery-vehicles 304  - 17.073 ms
GET /api/customers 304  - 8.678 ms
GET /api/delivery-vehicles 304  - 7.600 ms
GET /api/customers 304  - 6.331 ms
POST /api/users/login 200 224 - 31.740 ms
GET /api/items 304  - 3.609 ms
GET /api/delivery-vehicles 304  - 4.875 ms
GET /api/customers 304  - 6.082 ms
GET /api/delivery-vehicles 304  - 8.943 ms
GET /api/orders 304  - 17.807 ms
GET /api/customers 304  - 13.330 ms
GET /api/delivery-vehicles 304  - 9.509 ms
POST /api/users/login 200 224 - 30.660 ms
GET /api/items 200 148 - 9.208 ms
GET /api/orders 200 296 - 24.364 ms
GET /api/customers 200 151 - 17.748 ms
GET /api/delivery-vehicles 200 208 - 16.894 ms
GET /api/delivery-vehicles 304  - 10.504 ms
GET /api/customers 304  - 8.026 ms
GET /api/delivery-vehicles 304  - 6.789 ms
GET /api/orders 304  - 23.726 ms
GET /api/customers 304  - 20.955 ms
GET /api/delivery-vehicles 304  - 18.159 ms
GET /api/items 304  - 4.178 ms
GET /api/customers 304  - 7.255 ms
GET /api/delivery-vehicles 304  - 8.480 ms
GET /api/items 304  - 5.767 ms
GET /api/customers 304  - 8.057 ms
GET /api/orders 304  - 17.480 ms
GET /api/customers 304  - 13.747 ms
GET /api/delivery-vehicles 304  - 11.575 ms
GET /api/delivery-vehicles 304  - 5.459 ms
GET /api/delivery-vehicles 304  - 17.768 ms
GET /api/customers 304  - 12.748 ms
GET /api/orders 304  - 8.729 ms
GET /api/items 304  - 5.743 ms
GET /api/orders 304  - 13.012 ms
GET /api/customers 304  - 8.880 ms
GET /api/delivery-vehicles 304  - 8.603 ms
POST /api/users/login 200 224 - 7.832 ms
GET /api/items 304  - 3.214 ms
GET /api/orders 304  - 15.611 ms
GET /api/customers 304  - 11.283 ms
GET /api/delivery-vehicles 304  - 8.301 ms
GET /api/delivery-vehicles 304  - 9.848 ms
GET /api/customers 304  - 7.679 ms
GET /api/orders 304  - 13.158 ms
GET /api/customers 304  - 10.689 ms
GET /api/delivery-vehicles 304  - 10.331 ms
GET /api/items 304  - 3.585 ms
POST /api/users/login 200 224 - 7.287 ms
GET /api/items 304  - 3.803 ms
GET /api/orders 304  - 18.000 ms
GET /api/customers 304  - 12.877 ms
GET /api/delivery-vehicles 304  - 9.564 ms
GET /api/delivery-vehicles 304  - 6.965 ms
GET /api/customers 304  - 8.094 ms
GET /api/delivery-vehicles 304  - 7.414 ms
GET /api/orders 304  - 11.542 ms
GET /api/customers 304  - 14.074 ms
GET /api/delivery-vehicles 304  - 9.759 ms
GET /api/items 304  - 5.710 ms
POST /api/users/login 200 224 - 7.855 ms
GET /api/items 304  - 4.429 ms
GET /api/customers 304  - 13.075 ms
GET /api/orders 304  - 11.530 ms
GET /api/delivery-vehicles 304  - 11.653 ms
GET /api/delivery-vehicles 304  - 8.333 ms
GET /api/customers 304  - 19.760 ms
GET /api/delivery-vehicles 304  - 6.728 ms
GET /api/orders 304  - 22.835 ms
GET /api/customers 304  - 15.829 ms
GET /api/delivery-vehicles 304  - 12.038 ms
GET /api/items 304  - 6.357 ms
GET /api/orders 304  - 14.239 ms
GET /api/customers 304  - 11.525 ms
GET /api/delivery-vehicles 304  - 11.334 ms
GET /api/customers 304  - 4.740 ms
GET /api/delivery-vehicles 304  - 6.053 ms
GET /api/items 304  - 5.638 ms
POST /api/users/register 201 224 - 61.796 ms
GET /api/items 200 2 - 7.789 ms
GET /api/orders 200 2 - 28.764 ms
GET /api/customers 200 2 - 19.228 ms
GET /api/delivery-vehicles 200 2 - 13.368 ms
GET /api/delivery-vehicles 304  - 6.836 ms
GET /api/customers 304  - 7.719 ms
POST /api/customers 201 149 - 11.031 ms
GET /api/delivery-vehicles 304  - 10.542 ms
POST /api/delivery-vehicles 201 207 - 11.210 ms
GET /api/items 304  - 5.190 ms
POST /api/items 201 153 - 8.202 ms
GET /api/delivery-vehicles 200 209 - 10.635 ms
GET /api/customers 200 151 - 22.813 ms
GET /api/delivery-vehicles 304  - 18.687 ms
GET /api/orders 304  - 13.720 ms
POST /api/orders 201 296 - 55.253 ms
PATCH /api/orders/6706350eabd0c9a64ff108cf/delivered 200 295 - 20.837 ms
GET /api/items 200 155 - 5.097 ms
GET /api/orders 200 297 - 25.042 ms
GET /api/customers 304  - 20.866 ms
GET /api/delivery-vehicles 200 209 - 15.320 ms
GET /api/customers 304  - 10.832 ms
GET /api/delivery-vehicles 304  - 7.085 ms
GET /api/delivery-vehicles 304  - 23.661 ms
GET /api/orders 304  - 19.737 ms
GET /api/customers 304  - 16.164 ms
GET /api/items 304  - 6.287 ms
GET /api/customers 304  - 10.153 ms
GET /api/delivery-vehicles 304  - 8.707 ms
GET /api/items 304  - 7.859 ms
GET /api/delivery-vehicles 304  - 23.800 ms
GET /api/orders 304  - 20.733 ms
GET /api/customers 304  - 15.093 ms
GET /api/delivery-vehicles 304  - 12.180 ms
GET /api/orders 304  - 25.800 ms
GET /api/customers 304  - 18.519 ms
GET /api/delivery-vehicles 304  - 14.050 ms
GET / 401 54 - 18.446 ms
GET /favicon.ico 401 54 - 0.918 ms
POST /api/users/login 401 33 - 67.527 ms
POST /api/users/login 401 33 - 9.047 ms
POST /api/users/login 401 33 - 5.999 ms
POST /api/users/login 200 224 - 23.496 ms
GET /api/customers 200 151 - 10.623 ms
POST /api/customers 201 149 - 16.437 ms
POST /api/users/login 200 224 - 5.620 ms
GET /api/customers 200 151 - 7.534 ms
POST /api/customers 201 157 - 8.064 ms
GET /api/delivery-vehicles 200 209 - 11.584 ms
POST /api/delivery-vehicles 201 210 - 25.058 ms
GET /api/items 200 155 - 7.127 ms
POST /api/items 201 148 - 10.518 ms
GET /api/orders 200 297 - 26.351 ms
GET /api/customers 200 309 - 26.850 ms
GET /api/delivery-vehicles 200 420 - 15.057 ms
POST /api/orders 201 297 - 61.696 ms
GET /api/items 200 304 - 5.365 ms
GET /api/orders 200 595 - 31.649 ms
GET /api/customers 304  - 30.047 ms
GET /api/delivery-vehicles 200 420 - 13.531 ms
GET /api/delivery-vehicles 304  - 6.600 ms
GET /api/customers 304  - 6.284 ms
POST /api/users/register 201 224 - 18.965 ms
GET /api/customers 304  - 12.250 ms
GET /api/customers 304  - 7.302 ms
GET /api/items 304  - 3.825 ms
POST /api/items 201 147 - 8.862 ms
GET /api/orders 304  - 28.469 ms
GET /api/customers 304  - 7.897 ms
GET /api/delivery-vehicles 304  - 5.686 ms
GET /api/delivery-vehicles 304  - 7.874 ms
GET /api/items 200 452 - 14.271 ms
POST /api/users/login 401 33 - 104.833 ms
POST /api/users/login 401 33 - 4.973 ms
POST /api/users/login 401 33 - 6.718 ms
POST /api/users/login 401 33 - 25.851 ms
POST /api/users/login 401 33 - 25.987 ms
POST /api/users/login 401 33 - 6.255 ms
POST /api/users/login 401 33 - 6.543 ms
POST /api/users/login 401 33 - 6.662 ms
POST /api/users/login 401 33 - 12.257 ms
POST /api/users/login 401 33 - 11.643 ms
POST /api/users/login 401 33 - 12.453 ms
POST /api/users/register 500 103 - 117.158 ms
POST /api/users/login 401 33 - 14.441 ms
POST /api/users/login 401 33 - 10.467 ms
POST /api/users/register 201 224 - 33.232 ms
GET /api/items 200 452 - 34.015 ms
GET /api/orders 200 595 - 34.402 ms
GET /api/customers 200 309 - 34.366 ms
GET /api/delivery-vehicles 200 420 - 44.791 ms
GET /api/delivery-vehicles 304  - 9.434 ms
GET /api/customers 304  - 10.344 ms
POST /api/users/login 401 33 - 27.481 ms
POST /api/users/register 409 34 - 9.941 ms
POST /api/users/login 401 33 - 8.996 ms
POST /api/users/login 401 33 - 6.729 ms
POST /api/users/login 401 33 - 7.815 ms
POST /api/users/login 401 33 - 6.732 ms
POST /api/users/register 409 34 - 4.764 ms
POST /api/users/login 401 33 - 8.747 ms
POST /api/users/login 401 33 - 13.392 ms
POST /api/users/register 201 224 - 55.906 ms
GET /api/customers 200 309 - 29.745 ms
GET /api/delivery-vehicles 200 420 - 10.416 ms
GET /api/orders 200 595 - 255.274 ms
GET /api/customers 304  - 75.192 ms
GET /api/delivery-vehicles 304  - 69.947 ms
GET /api/delivery-vehicles 304  - 9.815 ms
GET /api/delivery-vehicles 304  - 14.283 ms
GET /api/orders 304  - 19.320 ms
GET /api/customers 304  - 12.449 ms
GET /api/items 200 452 - 5.775 ms
GET /api/delivery-vehicles 304  - 47.205 ms
POST /api/delivery-vehicles 201 209 - 35.606 ms
GET /api/orders 304  - 25.114 ms
GET /api/customers 304  - 21.976 ms
GET /api/delivery-vehicles 200 630 - 19.435 ms
POST /api/orders 201 296 - 67.200 ms
GET /api/delivery-vehicles 200 630 - 56.327 ms
POST /api/users/login 200 224 - 96.618 ms
GET /api/delivery-vehicles 304  - 12.181 ms
GET /api/orders 200 892 - 22.836 ms
GET /api/customers 304  - 23.219 ms
GET /api/delivery-vehicles 304  - 19.305 ms
PATCH /api/orders/67401f0e4c351f02ecf0149f/delivered 200 295 - 67.175 ms
PATCH /api/orders/670651d4abd0c9a64ff10902/delivered 200 296 - 17.563 ms
GET /api/delivery-vehicles 200 630 - 14.026 ms
GET /api/orders 200 890 - 22.608 ms
GET /api/customers 304  - 19.287 ms
GET /api/delivery-vehicles 304  - 17.635 ms
GET /api/delivery-vehicles 304  - 8.161 ms
GET /api/customers 304  - 10.493 ms
GET /api/orders 304  - 28.003 ms
GET /api/customers 304  - 18.575 ms
GET /api/delivery-vehicles 304  - 10.729 ms
GET /api/delivery-vehicles 304  - 10.233 ms
POST /api/delivery-vehicles 500 144 - 26.880 ms
